<?xml version="1.0" encoding="UTF-8"?>
<!-- Generated by org.testng.reporters.JUnitReportReporter -->
<testsuite hostname="Ashok-PC" name="com.orangehrm.testsuite.Login" tests="1" failures="0" timestamp="14 Dec 2015 14:39:37 GMT" time="40.687" errors="0">
  <testcase name="LoginTest" time="40.687" classname="com.orangehrm.testsuite.Login"/>
</testsuite> <!-- com.orangehrm.testsuite.Login -->
